Method: <org.apache.commons.math3.linear.RealMatrixFormat: void <init>(java.text.NumberFormat)>, Callee: null, Params: [java.text.DecimalFormat@674dc], Related test: test10(org.apache.commons.math3.optimization.direct.Math19AB_1_Test)
Method: <org.apache.commons.math3.linear.Array2DRowRealMatrix: void <init>(double[][],boolean)>, Callee: null, Params: [[[1.0]],false], Related test: test36(org.apache.commons.math3.optimization.direct.Math19AB_1_Test)
Method: <org.apache.commons.math3.linear.MatrixUtils: void checkMatrixIndex(org.apache.commons.math3.linear.AnyMatrix,int,int)>, Callee: null, Params: [{data=[[1.0]],},0,0], Related test: test38(org.apache.commons.math3.optimization.direct.Math19AB_1_Test)
Method: <org.apache.commons.math3.linear.MatrixUtils: void checkMatrixIndex(org.apache.commons.math3.linear.AnyMatrix,int,int)>, Callee: null, Params: [{data=[[1.0], [2.0]],},0,0], Related test: test8(org.apache.commons.math3.optimization.direct.Math19AB_1_Test)
Method: <org.apache.commons.math3.exception.util.ExceptionContext: java.lang.String getLocalizedMessage()>, Callee: {throwable={context=callee,}, msgPatterns=[ILLEGAL_STATE], msgArguments=[[Ljava.lang.Object;@48fdc742], context={},}, Params: [], Related test: test40(org.apache.commons.math3.optimization.direct.Math19AB_1_Test)
Method: <org.apache.commons.math3.linear.Array2DRowRealMatrix: int getRowDimension()>, Callee: {data=[[0.0], [0.6931471805599453]],}, Params: [], Related test: test10(org.apache.commons.math3.optimization.direct.Math19AB_1_Test)
Method: <org.apache.commons.math3.linear.Array2DRowRealMatrix: int getColumnDimension()>, Callee: {data=[[0.0], [0.6931471805599453]],}, Params: [], Related test: test11(org.apache.commons.math3.optimization.direct.Math19AB_1_Test)
Method: <org.apache.commons.math3.linear.Array2DRowRealMatrix: void setEntry(int,int,double)>, Callee: {data=[[0.0], [0.0]],}, Params: [0,0,0.8041628599327295], Related test: test28(org.apache.commons.math3.optimization.direct.Math19AB_1_Test)
Method: <org.apache.commons.math3.linear.MatrixUtils: void checkRowIndex(org.apache.commons.math3.linear.AnyMatrix,int)>, Callee: null, Params: [{data=[[0.0], [0.6931471805599453]],},0], Related test: test12(org.apache.commons.math3.optimization.direct.Math19AB_1_Test)
Method: <org.apache.commons.math3.linear.MatrixUtils: void checkColumnIndex(org.apache.commons.math3.linear.AnyMatrix,int)>, Callee: null, Params: [{data=[[0.0], [0.6931471805599453]],},0], Related test: test12(org.apache.commons.math3.optimization.direct.Math19AB_1_Test)
Method: <org.apache.commons.math3.linear.MatrixUtils: void checkRowIndex(org.apache.commons.math3.linear.AnyMatrix,int)>, Callee: null, Params: [{data=[[0.0], [0.6931471805599453]],},1], Related test: test15(org.apache.commons.math3.optimization.direct.Math19AB_1_Test)
Method: <org.apache.commons.math3.linear.Array2DRowRealMatrix: void setEntry(int,int,double)>, Callee: {data=[[0.0], [0.0]],}, Params: [0,0,0.9162907318741551], Related test: test22(org.apache.commons.math3.optimization.direct.Math19AB_1_Test)
Method: <org.apache.commons.math3.linear.RealMatrixFormat: void <init>(java.lang.String,java.lang.String,java.lang.String,java.lang.String,java.lang.String,java.lang.String)>, Callee: null, Params: [[,],,,; ,, ], Related test: test12(org.apache.commons.math3.optimization.direct.Math19AB_1_Test)
Method: <org.apache.commons.math3.linear.MatrixUtils: void checkRowIndex(org.apache.commons.math3.linear.AnyMatrix,int)>, Callee: null, Params: [{data=[[1.0]],},0], Related test: test38(org.apache.commons.math3.optimization.direct.Math19AB_1_Test)
Method: <org.apache.commons.math3.linear.MatrixUtils: void checkColumnIndex(org.apache.commons.math3.linear.AnyMatrix,int)>, Callee: null, Params: [{data=[[1.0]],},0], Related test: test38(org.apache.commons.math3.optimization.direct.Math19AB_1_Test)
Method: <org.apache.commons.math3.linear.AbstractRealMatrix: double walkInOptimizedOrder(org.apache.commons.math3.linear.RealMatrixPreservingVisitor)>, Callee: {data=[[0.0]],}, Params: [{sum=0.0, this$0={data=[[0.0]],},}], Related test: test34(org.apache.commons.math3.optimization.direct.Math19AB_1_Test)
Method: <org.apache.commons.math3.linear.Array2DRowRealMatrix: double walkInRowOrder(org.apache.commons.math3.linear.RealMatrixPreservingVisitor)>, Callee: {data=[[0.0]],}, Params: [{sum=0.0, this$0={data=[[0.0]],},}], Related test: test34(org.apache.commons.math3.optimization.direct.Math19AB_1_Test)
Method: <org.apache.commons.math3.linear.RealMatrixFormat: org.apache.commons.math3.linear.RealMatrixFormat getInstance(java.util.Locale)>, Callee: null, Params: [en_US], Related test: test10(org.apache.commons.math3.optimization.direct.Math19AB_1_Test)
Method: <org.apache.commons.math3.util.CompositeFormat: java.text.NumberFormat getDefaultNumberFormat(java.util.Locale)>, Callee: null, Params: [en_US], Related test: test10(org.apache.commons.math3.optimization.direct.Math19AB_1_Test)
Method: <org.apache.commons.math3.linear.Array2DRowRealMatrix: double getEntry(int,int)>, Callee: {data=[[0.0], [0.6931471805599453]],}, Params: [1,0], Related test: test15(org.apache.commons.math3.optimization.direct.Math19AB_1_Test)
Method: <org.apache.commons.math3.linear.Array2DRowRealMatrix: int getRowDimension()>, Callee: {data=[[1.0]],}, Params: [], Related test: test36(org.apache.commons.math3.optimization.direct.Math19AB_1_Test)
Method: <org.apache.commons.math3.linear.Array2DRowRealMatrix: int getColumnDimension()>, Callee: {data=[[1.0]],}, Params: [], Related test: test37(org.apache.commons.math3.optimization.direct.Math19AB_1_Test)
Method: <org.apache.commons.math3.linear.Array2DRowRealMatrix: double getEntry(int,int)>, Callee: {data=[[0.0]],}, Params: [0,0], Related test: test5(org.apache.commons.math3.optimization.direct.Math19AB_1_Test)
Method: <org.apache.commons.math3.linear.MatrixUtils: void checkRowIndex(org.apache.commons.math3.linear.AnyMatrix,int)>, Callee: null, Params: [{data=[[1.0], [2.0]],},1], Related test: test9(org.apache.commons.math3.optimization.direct.Math19AB_1_Test)
Method: <org.apache.commons.math3.linear.MatrixUtils: void checkRowIndex(org.apache.commons.math3.linear.AnyMatrix,int)>, Callee: null, Params: [{data=[[1.0], [2.0]],},0], Related test: test8(org.apache.commons.math3.optimization.direct.Math19AB_1_Test)
Method: <org.apache.commons.math3.linear.MatrixUtils: void checkColumnIndex(org.apache.commons.math3.linear.AnyMatrix,int)>, Callee: null, Params: [{data=[[1.0], [2.0]],},0], Related test: test8(org.apache.commons.math3.optimization.direct.Math19AB_1_Test)
Method: <org.apache.commons.math3.exception.util.ExceptionContext: java.lang.String buildMessage(java.util.Locale,java.lang.String)>, Callee: {throwable={context=callee,}, msgPatterns=[ILLEGAL_STATE], msgArguments=[[Ljava.lang.Object;@48fdc742], context={},}, Params: [zh_TW,: ], Related test: test40(org.apache.commons.math3.optimization.direct.Math19AB_1_Test)
Method: <org.apache.commons.math3.linear.Array2DRowRealMatrix: int getRowDimension()>, Callee: {data=[[1.0], [2.0]],}, Params: [], Related test: test6(org.apache.commons.math3.optimization.direct.Math19AB_1_Test)
Method: <org.apache.commons.math3.linear.Array2DRowRealMatrix: int getColumnDimension()>, Callee: {data=[[1.0], [2.0]],}, Params: [], Related test: test7(org.apache.commons.math3.optimization.direct.Math19AB_1_Test)
Method: <org.apache.commons.math3.linear.Array2DRowRealMatrix: void setEntry(int,int,double)>, Callee: {data=[[-0.0], [0.0]],}, Params: [1,0,-0.6931471805599453], Related test: test18(org.apache.commons.math3.optimization.direct.Math19AB_1_Test)
Method: <org.apache.commons.math3.linear.MatrixUtils: void checkRowIndex(org.apache.commons.math3.linear.AnyMatrix,int)>, Callee: null, Params: [{data=[[0.9162907318741551], [0.22314355131420982]],},0], Related test: test24(org.apache.commons.math3.optimization.direct.Math19AB_1_Test)
Method: <org.apache.commons.math3.linear.MatrixUtils: void checkColumnIndex(org.apache.commons.math3.linear.AnyMatrix,int)>, Callee: null, Params: [{data=[[0.9162907318741551], [0.22314355131420982]],},0], Related test: test24(org.apache.commons.math3.optimization.direct.Math19AB_1_Test)
Method: <org.apache.commons.math3.linear.RealMatrixFormat: org.apache.commons.math3.linear.RealMatrixFormat getInstance(java.util.Locale)>, Callee: null, Params: [zh_TW], Related test: test12(org.apache.commons.math3.optimization.direct.Math19AB_1_Test)
Method: <org.apache.commons.math3.util.CompositeFormat: java.text.NumberFormat getDefaultNumberFormat(java.util.Locale)>, Callee: null, Params: [zh_TW], Related test: test12(org.apache.commons.math3.optimization.direct.Math19AB_1_Test)
Method: <org.apache.commons.math3.linear.MatrixUtils: void checkRowIndex(org.apache.commons.math3.linear.AnyMatrix,int)>, Callee: null, Params: [{data=[[0.9162907318741551], [0.22314355131420982]],},1], Related test: test27(org.apache.commons.math3.optimization.direct.Math19AB_1_Test)
Method: <org.apache.commons.math3.linear.Array2DRowRealMatrix: void <init>(double[][],boolean)>, Callee: null, Params: [[[1.0], [2.0]],false], Related test: test6(org.apache.commons.math3.optimization.direct.Math19AB_1_Test)
Method: <org.apache.commons.math3.linear.MatrixUtils: void checkMatrixIndex(org.apache.commons.math3.linear.AnyMatrix,int,int)>, Callee: null, Params: [{data=[[0.9162907318741551], [0.0]],},1,0], Related test: test24(org.apache.commons.math3.optimization.direct.Math19AB_1_Test)
Method: <org.apache.commons.math3.linear.MatrixUtils: void checkMatrixIndex(org.apache.commons.math3.linear.AnyMatrix,int,int)>, Callee: null, Params: [{data=[[0.0], [0.0]],},0,0], Related test: test16(org.apache.commons.math3.optimization.direct.Math19AB_1_Test)
Method: <org.apache.commons.math3.linear.Array2DRowRealMatrix: double getEntry(int,int)>, Callee: {data=[[0.0], [0.6931471805599453]],}, Params: [0,0], Related test: test12(org.apache.commons.math3.optimization.direct.Math19AB_1_Test)
Method: <org.apache.commons.math3.linear.MatrixUtils: void checkMatrixIndex(org.apache.commons.math3.linear.AnyMatrix,int,int)>, Callee: null, Params: [{data=[[0.0], [0.6931471805599453]],},0,0], Related test: test12(org.apache.commons.math3.optimization.direct.Math19AB_1_Test)
Method: <org.apache.commons.math3.linear.MatrixUtils: void checkMatrixIndex(org.apache.commons.math3.linear.AnyMatrix,int,int)>, Callee: null, Params: [{data=[[-0.0], [-0.6931471805599453]],},0,0], Related test: test20(org.apache.commons.math3.optimization.direct.Math19AB_1_Test)
Method: <org.apache.commons.math3.linear.Array2DRowRealMatrix: void <init>(int,int)>, Callee: null, Params: [2,1], Related test: test13(org.apache.commons.math3.optimization.direct.Math19AB_1_Test)
Method: <org.apache.commons.math3.linear.AbstractRealMatrix: void <init>(int,int)>, Callee: null, Params: [2,1], Related test: test13(org.apache.commons.math3.optimization.direct.Math19AB_1_Test)
Method: <org.apache.commons.math3.linear.AbstractRealMatrix: void <init>()>, Callee: null, Params: [], Related test: test10(org.apache.commons.math3.optimization.direct.Math19AB_1_Test)
Method: <org.apache.commons.math3.linear.RealLinearOperator: void <init>()>, Callee: null, Params: [], Related test: test10(org.apache.commons.math3.optimization.direct.Math19AB_1_Test)
Method: <org.apache.commons.math3.linear.RealMatrixFormat: org.apache.commons.math3.linear.RealMatrixFormat getInstance()>, Callee: null, Params: [], Related test: test12(org.apache.commons.math3.optimization.direct.Math19AB_1_Test)
Method: <org.apache.commons.math3.util.CompositeFormat: java.text.NumberFormat getDefaultNumberFormat()>, Callee: null, Params: [], Related test: test12(org.apache.commons.math3.optimization.direct.Math19AB_1_Test)
Method: <org.apache.commons.math3.exception.MathIllegalStateException: void <init>()>, Callee: null, Params: [], Related test: test40(org.apache.commons.math3.optimization.direct.Math19AB_1_Test)
Method: <org.apache.commons.math3.linear.Array2DRowRealMatrix: double getEntry(int,int)>, Callee: {data=[[NaN]],}, Params: [0,0], Related test: test33(org.apache.commons.math3.optimization.direct.Math19AB_1_Test)
Method: <org.apache.commons.math3.linear.Array2DRowRealMatrix: double getEntry(int,int)>, Callee: {data=[[-0.0], [-0.6931471805599453]],}, Params: [0,0], Related test: test20(org.apache.commons.math3.optimization.direct.Math19AB_1_Test)
Method: <org.apache.commons.math3.linear.MatrixUtils: void checkMatrixIndex(org.apache.commons.math3.linear.AnyMatrix,int,int)>, Callee: null, Params: [{data=[[1.0], [2.0]],},1,0], Related test: test9(org.apache.commons.math3.optimization.direct.Math19AB_1_Test)
Method: <org.apache.commons.math3.linear.AbstractRealMatrix$2: double end()>, Callee: {sum=0.0, this$0={data=[[0.0]],},}, Params: [], Related test: test34(org.apache.commons.math3.optimization.direct.Math19AB_1_Test)
Method: <org.apache.commons.math3.linear.MatrixUtils: void checkRowIndex(org.apache.commons.math3.linear.AnyMatrix,int)>, Callee: null, Params: [{data=[[-0.0], [0.0]],},1], Related test: test18(org.apache.commons.math3.optimization.direct.Math19AB_1_Test)
Method: <org.apache.commons.math3.linear.AbstractRealMatrix: double getFrobeniusNorm()>, Callee: {data=[[0.0]],}, Params: [], Related test: test34(org.apache.commons.math3.optimization.direct.Math19AB_1_Test)
Method: <org.apache.commons.math3.linear.Array2DRowRealMatrix: int getRowDimension()>, Callee: {data=[[0.0]],}, Params: [], Related test: test34(org.apache.commons.math3.optimization.direct.Math19AB_1_Test)
Method: <org.apache.commons.math3.linear.Array2DRowRealMatrix: int getColumnDimension()>, Callee: {data=[[0.0]],}, Params: [], Related test: test34(org.apache.commons.math3.optimization.direct.Math19AB_1_Test)
Method: <org.apache.commons.math3.util.FastMath: double sqrt(double)>, Callee: null, Params: [0.0], Related test: test34(org.apache.commons.math3.optimization.direct.Math19AB_1_Test)
Method: <org.apache.commons.math3.linear.MatrixUtils: void checkColumnIndex(org.apache.commons.math3.linear.AnyMatrix,int)>, Callee: null, Params: [{data=[[-0.0], [0.0]],},0], Related test: test18(org.apache.commons.math3.optimization.direct.Math19AB_1_Test)
Method: <org.apache.commons.math3.linear.MatrixUtils: void checkMatrixIndex(org.apache.commons.math3.linear.AnyMatrix,int,int)>, Callee: null, Params: [{data=[[0.0], [0.6931471805599453]],},1,0], Related test: test15(org.apache.commons.math3.optimization.direct.Math19AB_1_Test)
Method: <org.apache.commons.math3.linear.Array2DRowRealMatrix: double getEntry(int,int)>, Callee: {data=[[-0.0], [-0.6931471805599453]],}, Params: [1,0], Related test: test21(org.apache.commons.math3.optimization.direct.Math19AB_1_Test)
Method: <org.apache.commons.math3.linear.MatrixUtils: void checkMatrixIndex(org.apache.commons.math3.linear.AnyMatrix,int,int)>, Callee: null, Params: [{data=[[0.9162907318741551], [0.22314355131420982]],},0,0], Related test: test24(org.apache.commons.math3.optimization.direct.Math19AB_1_Test)
Method: <org.apache.commons.math3.linear.AbstractRealMatrix$2: void <init>(org.apache.commons.math3.linear.AbstractRealMatrix)>, Callee: null, Params: [{data=[[0.0]],}], Related test: test34(org.apache.commons.math3.optimization.direct.Math19AB_1_Test)
Method: <org.apache.commons.math3.exception.util.ExceptionContext: void <init>(java.lang.Throwable)>, Callee: null, Params: [{context=null,}], Related test: test40(org.apache.commons.math3.optimization.direct.Math19AB_1_Test)
Method: <org.apache.commons.math3.linear.RealMatrixFormat: java.text.NumberFormat getFormat()>, Callee: {prefix={, suffix=}, rowPrefix={, rowSuffix=}, rowSeparator=,, columnSeparator=,, format=java.text.DecimalFormat@674dc,}, Params: [], Related test: test10(org.apache.commons.math3.optimization.direct.Math19AB_1_Test)
Method: <org.apache.commons.math3.linear.Array2DRowRealMatrix: void <init>(double[][],boolean)>, Callee: null, Params: [[[NaN]],false], Related test: test31(org.apache.commons.math3.optimization.direct.Math19AB_1_Test)
Method: <org.apache.commons.math3.linear.Array2DRowRealMatrix: double getEntry(int,int)>, Callee: {data=[[0.9162907318741551], [0.22314355131420982]],}, Params: [0,0], Related test: test24(org.apache.commons.math3.optimization.direct.Math19AB_1_Test)
Method: <org.apache.commons.math3.linear.MatrixUtils: void checkColumnIndex(org.apache.commons.math3.linear.AnyMatrix,int)>, Callee: null, Params: [{data=[[0.9162907318741551], [0.0]],},0], Related test: test24(org.apache.commons.math3.optimization.direct.Math19AB_1_Test)
Method: <org.apache.commons.math3.linear.MatrixUtils: void checkRowIndex(org.apache.commons.math3.linear.AnyMatrix,int)>, Callee: null, Params: [{data=[[0.9162907318741551], [0.0]],},1], Related test: test24(org.apache.commons.math3.optimization.direct.Math19AB_1_Test)
Method: <org.apache.commons.math3.linear.AbstractRealMatrix$2: void start(int,int,int,int,int,int)>, Callee: {sum=0.0, this$0={data=[[0.0]],},}, Params: [1,1,0,0,0,0], Related test: test34(org.apache.commons.math3.optimization.direct.Math19AB_1_Test)
Method: <org.apache.commons.math3.linear.Array2DRowRealMatrix: int getRowDimension()>, Callee: {data=[[0.0], [0.0]],}, Params: [], Related test: test13(org.apache.commons.math3.optimization.direct.Math19AB_1_Test)
Method: <org.apache.commons.math3.linear.Array2DRowRealMatrix: int getColumnDimension()>, Callee: {data=[[0.0], [0.0]],}, Params: [], Related test: test14(org.apache.commons.math3.optimization.direct.Math19AB_1_Test)
Method: <org.apache.commons.math3.exception.MathIllegalStateException: java.lang.String getLocalizedMessage()>, Callee: {context={throwable=callee, msgPatterns=[ILLEGAL_STATE], msgArguments=[[Ljava.lang.Object;@48fdc742], context={},},}, Params: [], Related test: test40(org.apache.commons.math3.optimization.direct.Math19AB_1_Test)
Method: <org.apache.commons.math3.linear.MatrixUtils: void checkMatrixIndex(org.apache.commons.math3.linear.AnyMatrix,int,int)>, Callee: null, Params: [{data=[[0.9162907318741551], [0.22314355131420982]],},1,0], Related test: test27(org.apache.commons.math3.optimization.direct.Math19AB_1_Test)
Method: <org.apache.commons.math3.linear.Array2DRowRealMatrix: int getRowDimension()>, Callee: {data=[[NaN]],}, Params: [], Related test: test31(org.apache.commons.math3.optimization.direct.Math19AB_1_Test)
Method: <org.apache.commons.math3.linear.Array2DRowRealMatrix: int getColumnDimension()>, Callee: {data=[[NaN]],}, Params: [], Related test: test32(org.apache.commons.math3.optimization.direct.Math19AB_1_Test)
Method: <org.apache.commons.math3.linear.MatrixUtils: void checkRowIndex(org.apache.commons.math3.linear.AnyMatrix,int)>, Callee: null, Params: [{data=[[-0.0], [-0.6931471805599453]],},0], Related test: test20(org.apache.commons.math3.optimization.direct.Math19AB_1_Test)
Method: <org.apache.commons.math3.linear.MatrixUtils: void checkColumnIndex(org.apache.commons.math3.linear.AnyMatrix,int)>, Callee: null, Params: [{data=[[-0.0], [-0.6931471805599453]],},0], Related test: test20(org.apache.commons.math3.optimization.direct.Math19AB_1_Test)
Method: <org.apache.commons.math3.linear.MatrixUtils: void checkMatrixIndex(org.apache.commons.math3.linear.AnyMatrix,int,int)>, Callee: null, Params: [{data=[[-0.0], [0.0]],},1,0], Related test: test18(org.apache.commons.math3.optimization.direct.Math19AB_1_Test)
Method: <org.apache.commons.math3.linear.MatrixUtils: void checkRowIndex(org.apache.commons.math3.linear.AnyMatrix,int)>, Callee: null, Params: [{data=[[-0.0], [-0.6931471805599453]],},1], Related test: test21(org.apache.commons.math3.optimization.direct.Math19AB_1_Test)
Method: <org.apache.commons.math3.linear.MatrixUtils: void checkRowIndex(org.apache.commons.math3.linear.AnyMatrix,int)>, Callee: null, Params: [{data=[[NaN]],},0], Related test: test33(org.apache.commons.math3.optimization.direct.Math19AB_1_Test)
Method: <org.apache.commons.math3.linear.MatrixUtils: void checkColumnIndex(org.apache.commons.math3.linear.AnyMatrix,int)>, Callee: null, Params: [{data=[[NaN]],},0], Related test: test33(org.apache.commons.math3.optimization.direct.Math19AB_1_Test)
Method: <org.apache.commons.math3.linear.Array2DRowRealMatrix: int getRowDimension()>, Callee: {data=[[-0.0], [-0.6931471805599453]],}, Params: [], Related test: test18(org.apache.commons.math3.optimization.direct.Math19AB_1_Test)
Method: <org.apache.commons.math3.linear.Array2DRowRealMatrix: int getColumnDimension()>, Callee: {data=[[-0.0], [-0.6931471805599453]],}, Params: [], Related test: test19(org.apache.commons.math3.optimization.direct.Math19AB_1_Test)
Method: <org.apache.commons.math3.exception.util.ExceptionContext: java.lang.String getMessage(java.util.Locale)>, Callee: {throwable={context=callee,}, msgPatterns=[ILLEGAL_STATE], msgArguments=[[Ljava.lang.Object;@48fdc742], context={},}, Params: [zh_TW], Related test: test40(org.apache.commons.math3.optimization.direct.Math19AB_1_Test)
Method: <org.apache.commons.math3.linear.MatrixUtils: void checkRowIndex(org.apache.commons.math3.linear.AnyMatrix,int)>, Callee: null, Params: [{data=[[0.0], [0.0]],},0], Related test: test16(org.apache.commons.math3.optimization.direct.Math19AB_1_Test)
Method: <org.apache.commons.math3.linear.MatrixUtils: void checkColumnIndex(org.apache.commons.math3.linear.AnyMatrix,int)>, Callee: null, Params: [{data=[[0.0], [0.0]],},0], Related test: test16(org.apache.commons.math3.optimization.direct.Math19AB_1_Test)
Method: <org.apache.commons.math3.util.Incrementor: int getMaximalCount()>, Callee: {maximalCount=10000, count=0, maxCountCallback=},}, Params: [], Related test: test30(org.apache.commons.math3.optimization.direct.Math19AB_1_Test)
Method: <org.apache.commons.math3.exception.util.ExceptionContext: void addMessage(org.apache.commons.math3.exception.util.Localizable,java.lang.Object[])>, Callee: {throwable={context=callee,}, msgPatterns=[], msgArguments=[], context={},}, Params: [{sourceFormat=illegal state,},[]], Related test: test40(org.apache.commons.math3.optimization.direct.Math19AB_1_Test)
Method: <org.apache.commons.math3.linear.Array2DRowRealMatrix: void <init>(double[][],boolean)>, Callee: null, Params: [[[0.0], [0.6931471805599453]],false], Related test: test10(org.apache.commons.math3.optimization.direct.Math19AB_1_Test)
Method: <org.apache.commons.math3.linear.MatrixUtils: void checkMatrixIndex(org.apache.commons.math3.linear.AnyMatrix,int,int)>, Callee: null, Params: [{data=[[NaN]],},0,0], Related test: test33(org.apache.commons.math3.optimization.direct.Math19AB_1_Test)
Method: <org.apache.commons.math3.linear.Array2DRowRealMatrix: void setEntry(int,int,double)>, Callee: {data=[[0.0], [0.0]],}, Params: [0,0,-0.0], Related test: test16(org.apache.commons.math3.optimization.direct.Math19AB_1_Test)
Method: <org.apache.commons.math3.linear.MatrixUtils: void checkMatrixIndex(org.apache.commons.math3.linear.AnyMatrix,int,int)>, Callee: null, Params: [{data=[[-0.0], [-0.6931471805599453]],},1,0], Related test: test21(org.apache.commons.math3.optimization.direct.Math19AB_1_Test)
Method: <org.apache.commons.math3.linear.MatrixUtils: void checkMatrixIndex(org.apache.commons.math3.linear.AnyMatrix,int,int)>, Callee: null, Params: [{data=[[0.0]],},0,0], Related test: test5(org.apache.commons.math3.optimization.direct.Math19AB_1_Test)
Method: <org.apache.commons.math3.linear.AbstractRealMatrix$2: void visit(int,int,double)>, Callee: {sum=0.0, this$0={data=[[0.0]],},}, Params: [0,0,0.0], Related test: test34(org.apache.commons.math3.optimization.direct.Math19AB_1_Test)
Method: <org.apache.commons.math3.linear.Array2DRowRealMatrix: void <init>(int,int)>, Callee: null, Params: [1,1], Related test: test34(org.apache.commons.math3.optimization.direct.Math19AB_1_Test)
Method: <org.apache.commons.math3.linear.AbstractRealMatrix: void <init>(int,int)>, Callee: null, Params: [1,1], Related test: test34(org.apache.commons.math3.optimization.direct.Math19AB_1_Test)
Method: <org.apache.commons.math3.linear.Array2DRowRealMatrix: int getRowDimension()>, Callee: {data=[[0.9162907318741551], [0.22314355131420982]],}, Params: [], Related test: test24(org.apache.commons.math3.optimization.direct.Math19AB_1_Test)
Method: <org.apache.commons.math3.linear.Array2DRowRealMatrix: int getColumnDimension()>, Callee: {data=[[0.9162907318741551], [0.22314355131420982]],}, Params: [], Related test: test24(org.apache.commons.math3.optimization.direct.Math19AB_1_Test)
Method: <org.apache.commons.math3.exception.MathIllegalStateException: void <init>(org.apache.commons.math3.exception.util.Localizable,java.lang.Object[])>, Callee: null, Params: [{sourceFormat=illegal state,},[]], Related test: test40(org.apache.commons.math3.optimization.direct.Math19AB_1_Test)
Method: <org.apache.commons.math3.linear.Array2DRowRealMatrix: double getEntry(int,int)>, Callee: {data=[[1.0], [2.0]],}, Params: [1,0], Related test: test9(org.apache.commons.math3.optimization.direct.Math19AB_1_Test)
Method: <org.apache.commons.math3.linear.MatrixUtils: void checkRowIndex(org.apache.commons.math3.linear.AnyMatrix,int)>, Callee: null, Params: [{data=[[0.0]],},0], Related test: test5(org.apache.commons.math3.optimization.direct.Math19AB_1_Test)
Method: <org.apache.commons.math3.linear.MatrixUtils: void checkColumnIndex(org.apache.commons.math3.linear.AnyMatrix,int)>, Callee: null, Params: [{data=[[0.0]],},0], Related test: test5(org.apache.commons.math3.optimization.direct.Math19AB_1_Test)
Method: <org.apache.commons.math3.linear.RealMatrixFormat: void <init>(java.lang.String,java.lang.String,java.lang.String,java.lang.String,java.lang.String,java.lang.String,java.text.NumberFormat)>, Callee: null, Params: [[,],,,; ,, ,java.text.DecimalFormat@674dc], Related test: test12(org.apache.commons.math3.optimization.direct.Math19AB_1_Test)
Method: <org.apache.commons.math3.linear.Array2DRowRealMatrix: int getRowDimension()>, Callee: {data=[[0.8041628599327295], [0.0]],}, Params: [], Related test: test28(org.apache.commons.math3.optimization.direct.Math19AB_1_Test)
Method: <org.apache.commons.math3.linear.Array2DRowRealMatrix: int getColumnDimension()>, Callee: {data=[[0.8041628599327295], [0.0]],}, Params: [], Related test: test29(org.apache.commons.math3.optimization.direct.Math19AB_1_Test)
Method: <org.apache.commons.math3.linear.Array2DRowRealMatrix: double getEntry(int,int)>, Callee: {data=[[1.0]],}, Params: [0,0], Related test: test38(org.apache.commons.math3.optimization.direct.Math19AB_1_Test)
Method: <org.apache.commons.math3.linear.Array2DRowRealMatrix: double getEntry(int,int)>, Callee: {data=[[0.9162907318741551], [0.22314355131420982]],}, Params: [1,0], Related test: test27(org.apache.commons.math3.optimization.direct.Math19AB_1_Test)
Method: <org.apache.commons.math3.linear.RealMatrixFormat: void <init>(java.lang.String,java.lang.String,java.lang.String,java.lang.String,java.lang.String,java.lang.String,java.text.NumberFormat)>, Callee: null, Params: [{,},{,},,,,,java.text.DecimalFormat@674dc], Related test: test10(org.apache.commons.math3.optimization.direct.Math19AB_1_Test)
Method: <org.apache.commons.math3.linear.Array2DRowRealMatrix: int getRowDimension()>, Callee: {data=[[0.9162907318741551], [0.0]],}, Params: [], Related test: test22(org.apache.commons.math3.optimization.direct.Math19AB_1_Test)
Method: <org.apache.commons.math3.linear.Array2DRowRealMatrix: int getColumnDimension()>, Callee: {data=[[0.9162907318741551], [0.0]],}, Params: [], Related test: test23(org.apache.commons.math3.optimization.direct.Math19AB_1_Test)
Method: <org.apache.commons.math3.linear.Array2DRowRealMatrix: void setEntry(int,int,double)>, Callee: {data=[[0.9162907318741551], [0.0]],}, Params: [1,0,0.22314355131420982], Related test: test24(org.apache.commons.math3.optimization.direct.Math19AB_1_Test)
Method: <org.apache.commons.math3.linear.Array2DRowRealMatrix: double getEntry(int,int)>, Callee: {data=[[1.0], [2.0]],}, Params: [0,0], Related test: test8(org.apache.commons.math3.optimization.direct.Math19AB_1_Test)
Method: <org.apache.commons.math3.linear.Array2DRowRealMatrix: int getRowDimension()>, Callee: {data=[[-0.0], [0.0]],}, Params: [], Related test: test16(org.apache.commons.math3.optimization.direct.Math19AB_1_Test)
Method: <org.apache.commons.math3.linear.Array2DRowRealMatrix: int getColumnDimension()>, Callee: {data=[[-0.0], [0.0]],}, Params: [], Related test: test17(org.apache.commons.math3.optimization.direct.Math19AB_1_Test)
