Method: <org.apache.commons.math.util.FastMath: double polySine(double)>, Callee: null, Params: [0.054203673205103386], Related test: test1(org.apache.commons.math.complex.Math37AB_1_Test)
Method: <org.apache.commons.math.util.FastMath: double polyCosine(double)>, Callee: null, Params: [0.054203673205103386], Related test: test1(org.apache.commons.math.complex.Math37AB_1_Test)
Method: <org.apache.commons.math.util.FastMath: double polySine(double)>, Callee: null, Params: [0.016592653589793116], Related test: test4(org.apache.commons.math.complex.Math37AB_1_Test)
Method: <org.apache.commons.math.util.FastMath: double polyCosine(double)>, Callee: null, Params: [0.016592653589793116], Related test: test4(org.apache.commons.math.complex.Math37AB_1_Test)
Method: <org.apache.commons.math.util.FastMath: double sinQ(double,double)>, Callee: null, Params: [1.1415926535897931,1.2246467991473532E-16], Related test: test4(org.apache.commons.math.complex.Math37AB_1_Test)
Method: <org.apache.commons.math.complex.Complex: double getReal()>, Callee: {imaginary=-0.0, real=NaN, isNaN=true, isInfinite=false,}, Params: [], Related test: test24(org.apache.commons.math.complex.Math37AB_1_Test)
Method: <org.apache.commons.math.complex.Complex: double getReal()>, Callee: {imaginary=NaN, real=-0.0, isNaN=true, isInfinite=false,}, Params: [], Related test: test31(org.apache.commons.math.complex.Math37AB_1_Test)
Method: <org.apache.commons.math.complex.Complex: double getImaginary()>, Callee: {imaginary=NaN, real=-0.0, isNaN=true, isInfinite=false,}, Params: [], Related test: test32(org.apache.commons.math.complex.Math37AB_1_Test)
Method: <org.apache.commons.math.util.FastMath: double exp(double,double,double[])>, Callee: null, Params: [2.0E10,0.0,null], Related test: test18(org.apache.commons.math.complex.Math37AB_1_Test)
Method: <org.apache.commons.math.util.FastMath: double exp(double,double,double[])>, Callee: null, Params: [Infinity,0.0,null], Related test: test2(org.apache.commons.math.complex.Math37AB_1_Test)
Method: <org.apache.commons.math.util.FastMath: double cos(double)>, Callee: null, Params: [-Infinity], Related test: test41(org.apache.commons.math.complex.Math37AB_1_Test)
Method: <org.apache.commons.math.util.FastMath: double sin(double)>, Callee: null, Params: [-Infinity], Related test: test42(org.apache.commons.math.complex.Math37AB_1_Test)
Method: <org.apache.commons.math.complex.Complex: double getReal()>, Callee: {imaginary=0.0, real=NaN, isNaN=true, isInfinite=false,}, Params: [], Related test: test43(org.apache.commons.math.complex.Math37AB_1_Test)
Method: <org.apache.commons.math.util.FastMath: double cosh(double)>, Callee: null, Params: [2.0E10], Related test: test18(org.apache.commons.math.complex.Math37AB_1_Test)
Method: <org.apache.commons.math.util.FastMath: double exp(double)>, Callee: null, Params: [2.0E10], Related test: test18(org.apache.commons.math.complex.Math37AB_1_Test)
Method: <org.apache.commons.math.util.FastMath: double sinh(double)>, Callee: null, Params: [2.0E10], Related test: test21(org.apache.commons.math.complex.Math37AB_1_Test)
Method: <org.apache.commons.math.util.FastMath: double exp(double,double,double[])>, Callee: null, Params: [2.0,0.0,[0.0, 0.0]], Related test: test33(org.apache.commons.math.complex.Math37AB_1_Test)
Method: <org.apache.commons.math.complex.Complex: void <init>(double,double)>, Callee: null, Params: [-0.0,NaN], Related test: test31(org.apache.commons.math.complex.Math37AB_1_Test)
Method: <org.apache.commons.math.util.FastMath: double cosh(double)>, Callee: null, Params: [2.0], Related test: test33(org.apache.commons.math.complex.Math37AB_1_Test)
Method: <org.apache.commons.math.util.FastMath: double sinh(double)>, Callee: null, Params: [2.0], Related test: test35(org.apache.commons.math.complex.Math37AB_1_Test)
Method: <org.apache.commons.math.util.FastMath: double cos(double)>, Callee: null, Params: [2.0], Related test: test1(org.apache.commons.math.complex.Math37AB_1_Test)
Method: <org.apache.commons.math.util.FastMath: double sin(double)>, Callee: null, Params: [2.0], Related test: test4(org.apache.commons.math.complex.Math37AB_1_Test)
Method: <org.apache.commons.math.util.FastMath: double cos(double)>, Callee: null, Params: [Infinity], Related test: test34(org.apache.commons.math.complex.Math37AB_1_Test)
Method: <org.apache.commons.math.util.FastMath: double sin(double)>, Callee: null, Params: [Infinity], Related test: test36(org.apache.commons.math.complex.Math37AB_1_Test)
Method: <org.apache.commons.math.util.FastMath: double cosh(double)>, Callee: null, Params: [Infinity], Related test: test2(org.apache.commons.math.complex.Math37AB_1_Test)
Method: <org.apache.commons.math.util.FastMath: double exp(double)>, Callee: null, Params: [Infinity], Related test: test2(org.apache.commons.math.complex.Math37AB_1_Test)
Method: <org.apache.commons.math.util.FastMath: double sinh(double)>, Callee: null, Params: [Infinity], Related test: test5(org.apache.commons.math.complex.Math37AB_1_Test)
Method: <org.apache.commons.math.util.FastMath: double sinQ(double,double)>, Callee: null, Params: [0.4292036732051034,-5.721188726109833E-18], Related test: test1(org.apache.commons.math.complex.Math37AB_1_Test)
Method: <org.apache.commons.math.util.FastMath: double cosQ(double,double)>, Callee: null, Params: [0.4292036732051034,-5.721188726109833E-18], Related test: test4(org.apache.commons.math.complex.Math37AB_1_Test)
Method: <org.apache.commons.math.complex.Complex: double getReal()>, Callee: {imaginary=NaN, real=0.0, isNaN=true, isInfinite=false,}, Params: [], Related test: test7(org.apache.commons.math.complex.Math37AB_1_Test)
Method: <org.apache.commons.math.complex.Complex: double getImaginary()>, Callee: {imaginary=NaN, real=0.0, isNaN=true, isInfinite=false,}, Params: [], Related test: test9(org.apache.commons.math.complex.Math37AB_1_Test)
Method: <org.apache.commons.math.complex.Complex: void <init>(double,double)>, Callee: null, Params: [NaN,-0.0], Related test: test24(org.apache.commons.math.complex.Math37AB_1_Test)
